<?xml version="1.0" encoding="UTF-8"?>
<testng-results ignored="0" total="1" passed="1" failed="0" skipped="0">
  <reporter-output>
  </reporter-output>
  <suite started-at="2025-07-02T11:59:01 GMT+08:00" name="Default suite" finished-at="2025-07-02T11:59:56 GMT+08:00" duration-ms="54854">
    <groups>
    </groups>
    <test started-at="2025-07-02T11:59:01 GMT+08:00" name="Default test" finished-at="2025-07-02T11:59:56 GMT+08:00" duration-ms="54854">
      <class name="features.selfstudy.selfstudy_run">
        <test-method signature="selfstudy()[pri:0, instance:features.selfstudy.selfstudy_run@4e08711f]" started-at="2025-07-02T11:59:01 GMT+08:00" name="selfstudy" finished-at="2025-07-02T11:59:56 GMT+08:00" duration-ms="54804" status="PASS">
          <reporter-output>
          </reporter-output>
        </test-method> <!-- selfstudy -->
      </class> <!-- features.selfstudy.selfstudy_run -->
    </test> <!-- Default test -->
  </suite> <!-- Default suite -->
</testng-results>
